[WebServer] 
[WebServer] > start
[WebServer] > next start --hostname 127.0.0.1 --port 3000
[WebServer] 
[WebServer] ▲ Next.js 16.2.10
[WebServer] - Local:         http://127.0.0.1:3000
[WebServer] - Network:       http://127.0.0.1:3000
[WebServer] ✓ Ready in 100ms
[WebServer] ⚠ Warning: Next.js inferred your workspace root, but it may not be correct.
[WebServer]  We detected multiple lockfiles and selected the directory of /home/user/code/graph-site_root/nextjs-3d-force-graph-impl/package-lock.json as the root directory.
[WebServer]  To silence this warning, set `outputFileTracingRoot` in your Next.js config, or consider removing one of the lockfiles if it's not needed.
[WebServer]    See https://nextjs.org/docs/app/api-reference/config/next-config-js/output#caveats for more information.
[WebServer]  Detected additional lockfiles: 
[WebServer]    * /home/user/code/graph-site_root/nextjs-3d-force-graph-impl/.builders/spir-55/package-lock.json
[WebServer] 

Running 22 tests using 1 worker

  ✓   1 [chromium] › tests/e2e/matrix.spec.ts:75:5 › settles an initial force layout with positioned nodes (7.2s)
  ✓   2 [chromium] › tests/e2e/matrix.spec.ts:104:5 › rotates the camera automatically until paused, then resumes (37.1s)
  ✓   3 [chromium] › tests/e2e/matrix.spec.ts:134:5 › keeps pointer navigation inert until the enable delay elapses (45.4s)
  ✓   4 [chromium] › tests/e2e/matrix.spec.ts:194:5 › zooms out with the wheel (45.3s)
  ✓   5 [chromium] › tests/e2e/matrix.spec.ts:224:5 › zooms in with the wheel and rotates with a background drag (1.3m)
  ✓   6 [chromium] › tests/e2e/matrix.spec.ts:269:5 › click-to-focus fixes the node, animates the camera, and reset restores the view (1.2m)
  ✓   7 [chromium] › tests/e2e/matrix.spec.ts:433:5 › toggles AxesHelper visibility through the axes control (52.2s)
  ✓   8 [chromium] › tests/e2e/matrix.spec.ts:466:5 › keeps the canvas consistent and interactive across a resize (36.8s)
  ✓   9 [chromium] › tests/e2e/matrix.spec.ts:527:5 › remounts a fresh working canvas on re-navigation (1.0m)
  ✓  10 [chromium] › tests/e2e/right-click-release.spec.ts:174:5 › right-clicking a fixed node releases its fx/fy/fz (1.5m)
  ✓  11 [chromium] › tests/e2e/smoke.spec.ts:78:5 › renders the graph and exercises its core controls (47.2s)
  ✓  12 [firefox] › tests/e2e/matrix.spec.ts:75:5 › settles an initial force layout with positioned nodes (2.9s)
  ✓  13 [firefox] › tests/e2e/matrix.spec.ts:104:5 › rotates the camera automatically until paused, then resumes (8.1s)
  ✓  14 [firefox] › tests/e2e/matrix.spec.ts:134:5 › keeps pointer navigation inert until the enable delay elapses (7.4s)
  ✓  15 [firefox] › tests/e2e/matrix.spec.ts:194:5 › zooms out with the wheel (8.9s)
  ✓  16 [firefox] › tests/e2e/matrix.spec.ts:224:5 › zooms in with the wheel and rotates with a background drag (13.6s)
  ✓  17 [firefox] › tests/e2e/matrix.spec.ts:269:5 › click-to-focus fixes the node, animates the camera, and reset restores the view (18.3s)
  ✓  18 [firefox] › tests/e2e/matrix.spec.ts:433:5 › toggles AxesHelper visibility through the axes control (4.6s)
  ✓  19 [firefox] › tests/e2e/matrix.spec.ts:466:5 › keeps the canvas consistent and interactive across a resize (4.6s)
  ✓  20 [firefox] › tests/e2e/matrix.spec.ts:527:5 › remounts a fresh working canvas on re-navigation (2.9s)
  ✓  21 [firefox] › tests/e2e/right-click-release.spec.ts:174:5 › right-clicking a fixed node releases its fx/fy/fz (21.3s)
  ✓  22 [firefox] › tests/e2e/smoke.spec.ts:78:5 › renders the graph and exercises its core controls (9.1s)

  Slow test file: [chromium] › tests/e2e/matrix.spec.ts (7.2m)
  Consider running tests from slow files in parallel. See: https://playwright.dev/docs/test-parallel
  22 passed (11.6m)
